{"level":"info","message":"Hello distributed log files!","service":"startCode service","timestamp":"2020-03-10 15:41:12"}
{"message":"Hello again distributed logs","level":"info","service":"startCode service","timestamp":"2020-03-10 15:41:22"}
{"level":"info","message":"Hello distributed log files!","service":"startCode service","timestamp":"2020-03-10 15:42:36"}
{"level":"info","message":"Hello distributed log files!","service":"startCode service","timestamp":"2020-03-10 15:42:49"}
{"level":"info","message":"Hello distributed log files!","service":"startCode service","timestamp":"2020-03-10 15:42:54"}
{"level":"info","message":"Hello distributed log files!","service":"startCode service","timestamp":"2020-03-10 15:43:06"}
{"level":"info","message":"Hello distributed log files!","service":"startCode service","timestamp":"2020-03-10 15:49:23"}
{"message":"Hello again distributed logs","level":"info","service":"startCode service","timestamp":"2020-03-10 15:49:24"}
{"level":"info","message":"Hello distributed log files!","service":"startCode service","timestamp":"2020-03-10 15:50:03"}
{"level":"info","message":"Hello distributed log files!","service":"startCode service","timestamp":"2020-03-10 15:50:06"}
{"level":"info","message":"Hello distributed log files!","service":"startCode service","timestamp":"2020-03-10 15:51:17"}
{"level":"info","message":"Hello distributed log files!","service":"startCode service","timestamp":"2020-03-10 15:51:21"}
{"level":"info","message":"Hello distributed log files!","service":"startCode service","timestamp":"2020-03-10 15:51:48"}
{"message":"Hello again distributed logs","level":"info","service":"startCode service","timestamp":"2020-03-10 15:51:57"}
{"level":"info","message":"Hello distributed log files!","service":"startCode service","timestamp":"2020-03-10 15:53:02"}
{"level":"info","message":"Hello distributed log files!","service":"startCode service","timestamp":"2020-03-10 15:53:27"}
{"level":"info","message":"Hello distributed log files!","service":"startCode service","timestamp":"2020-03-10 15:53:50"}
{"level":"info","message":"Hello distributed log files!","service":"startCode service","timestamp":"2020-03-10 15:55:20"}
{"level":"info","message":"Hello distributed log files!","service":"startCode service","timestamp":"2020-03-10 15:55:55"}
{"service":"startCode service","errorCode":500,"name":"ApiError","level":"error","message":"Important error: This API does not contain this endpoint","stack":"ApiError: This API does not contain this endpoint\n    at /home/msi/Dokumenter/Arbejde/Projekter/4.sem/javaScript/fullStackJavaScript4sem_exercises/week10+11/express-exercises-day1/src/app.ts:53:11\n    at Layer.handle [as handle_request] (/home/msi/Dokumenter/Arbejde/Projekter/4.sem/javaScript/fullStackJavaScript4sem_exercises/week10+11/express-exercises-day1/node_modules/express/lib/router/layer.js:95:5)\n    at trim_prefix (/home/msi/Dokumenter/Arbejde/Projekter/4.sem/javaScript/fullStackJavaScript4sem_exercises/week10+11/express-exercises-day1/node_modules/express/lib/router/index.js:317:13)\n    at /home/msi/Dokumenter/Arbejde/Projekter/4.sem/javaScript/fullStackJavaScript4sem_exercises/week10+11/express-exercises-day1/node_modules/express/lib/router/index.js:284:7\n    at Function.process_params (/home/msi/Dokumenter/Arbejde/Projekter/4.sem/javaScript/fullStackJavaScript4sem_exercises/week10+11/express-exercises-day1/node_modules/express/lib/router/index.js:335:12)\n    at next (/home/msi/Dokumenter/Arbejde/Projekter/4.sem/javaScript/fullStackJavaScript4sem_exercises/week10+11/express-exercises-day1/node_modules/express/lib/router/index.js:275:10)\n    at /home/msi/Dokumenter/Arbejde/Projekter/4.sem/javaScript/fullStackJavaScript4sem_exercises/week10+11/express-exercises-day1/node_modules/express-winston/index.js:428:9\n    at Layer.handle [as handle_request] (/home/msi/Dokumenter/Arbejde/Projekter/4.sem/javaScript/fullStackJavaScript4sem_exercises/week10+11/express-exercises-day1/node_modules/express/lib/router/layer.js:95:5)\n    at trim_prefix (/home/msi/Dokumenter/Arbejde/Projekter/4.sem/javaScript/fullStackJavaScript4sem_exercises/week10+11/express-exercises-day1/node_modules/express/lib/router/index.js:317:13)\n    at /home/msi/Dokumenter/Arbejde/Projekter/4.sem/javaScript/fullStackJavaScript4sem_exercises/week10+11/express-exercises-day1/node_modules/express/lib/router/index.js:284:7","timestamp":"2020-03-10 15:55:56"}
{"level":"info","message":"Hello distributed log files!","service":"startCode service","timestamp":"2020-03-10 15:57:03"}
{"level":"info","message":"Hello distributed log files!","service":"startCode service","timestamp":"2020-03-10 15:57:22"}
{"level":"info","message":"Hello distributed log files!","service":"startCode service","timestamp":"2020-03-10 15:57:40"}
{"level":"info","message":"Hello distributed log files!","service":"startCode service","timestamp":"2020-03-10 15:58:37"}
{"level":"info","message":"Hello distributed log files!","service":"startCode service","timestamp":"2020-03-10 15:59:10"}
{"level":"info","message":"Hello distributed log files!","service":"startCode service","timestamp":"2020-03-10 16:00:02"}
{"service":"startCode service","errorCode":401,"name":"ApiError","level":"error","message":"Important error: Not Authorized","stack":"ApiError: Not Authorized\n    at /home/msi/Dokumenter/Arbejde/Projekter/4.sem/javaScript/fullStackJavaScript4sem_exercises/week10+11/express-exercises-day1/src/routes/userApi.ts:55:13\n    at Generator.next (<anonymous>)\n    at /home/msi/Dokumenter/Arbejde/Projekter/4.sem/javaScript/fullStackJavaScript4sem_exercises/week10+11/express-exercises-day1/src/routes/userApi.ts:8:71\n    at new Promise (<anonymous>)\n    at __awaiter (/home/msi/Dokumenter/Arbejde/Projekter/4.sem/javaScript/fullStackJavaScript4sem_exercises/week10+11/express-exercises-day1/src/routes/userApi.ts:4:12)\n    at /home/msi/Dokumenter/Arbejde/Projekter/4.sem/javaScript/fullStackJavaScript4sem_exercises/week10+11/express-exercises-day1/src/routes/userApi.ts:69:12\n    at Layer.handle [as handle_request] (/home/msi/Dokumenter/Arbejde/Projekter/4.sem/javaScript/fullStackJavaScript4sem_exercises/week10+11/express-exercises-day1/node_modules/express/lib/router/layer.js:95:5)\n    at next (/home/msi/Dokumenter/Arbejde/Projekter/4.sem/javaScript/fullStackJavaScript4sem_exercises/week10+11/express-exercises-day1/node_modules/express/lib/router/route.js:137:13)\n    at Route.dispatch (/home/msi/Dokumenter/Arbejde/Projekter/4.sem/javaScript/fullStackJavaScript4sem_exercises/week10+11/express-exercises-day1/node_modules/express/lib/router/route.js:112:3)\n    at Layer.handle [as handle_request] (/home/msi/Dokumenter/Arbejde/Projekter/4.sem/javaScript/fullStackJavaScript4sem_exercises/week10+11/express-exercises-day1/node_modules/express/lib/router/layer.js:95:5)","timestamp":"2020-03-10 16:01:41"}
{"level":"info","message":"Hello distributed log files!","service":"startCode service","timestamp":"2020-03-10 16:04:06"}
{"level":"info","message":"Hello distributed log files!","service":"startCode service","timestamp":"2020-03-11 10:04:58"}
{"message":"Hello again distributed logs","level":"info","service":"startCode service","timestamp":"2020-03-11 10:05:15"}
{"service":"startCode service","errorCode":401,"name":"ApiError","level":"error","message":"Important error: Not Authorized","stack":"ApiError: Not Authorized\n    at /home/martin/NetBeansProjects/4.sem/fullstackJavascript/fullStackJavaScript4sem_exercises/week10+11/express-exercises-day1/build/routes/userApi.js:41:23\n    at Generator.next (<anonymous>)\n    at /home/martin/NetBeansProjects/4.sem/fullstackJavascript/fullStackJavaScript4sem_exercises/week10+11/express-exercises-day1/build/routes/userApi.js:8:71\n    at new Promise (<anonymous>)\n    at __awaiter (/home/martin/NetBeansProjects/4.sem/fullstackJavascript/fullStackJavaScript4sem_exercises/week10+11/express-exercises-day1/build/routes/userApi.js:4:12)\n    at /home/martin/NetBeansProjects/4.sem/fullstackJavascript/fullStackJavaScript4sem_exercises/week10+11/express-exercises-day1/build/routes/userApi.js:37:12\n    at Layer.handle [as handle_request] (/home/martin/NetBeansProjects/4.sem/fullstackJavascript/fullStackJavaScript4sem_exercises/week10+11/express-exercises-day1/node_modules/express/lib/router/layer.js:95:5)\n    at next (/home/martin/NetBeansProjects/4.sem/fullstackJavascript/fullStackJavaScript4sem_exercises/week10+11/express-exercises-day1/node_modules/express/lib/router/route.js:137:13)\n    at Route.dispatch (/home/martin/NetBeansProjects/4.sem/fullstackJavascript/fullStackJavaScript4sem_exercises/week10+11/express-exercises-day1/node_modules/express/lib/router/route.js:112:3)\n    at Layer.handle [as handle_request] (/home/martin/NetBeansProjects/4.sem/fullstackJavascript/fullStackJavaScript4sem_exercises/week10+11/express-exercises-day1/node_modules/express/lib/router/layer.js:95:5)","timestamp":"2020-03-11 10:05:30"}
{"service":"startCode service","errorCode":401,"name":"ApiError","level":"error","message":"Important error: Not Authorized","stack":"ApiError: Not Authorized\n    at /home/martin/NetBeansProjects/4.sem/fullstackJavascript/fullStackJavaScript4sem_exercises/week10+11/express-exercises-day1/build/routes/userApi.js:73:23\n    at Generator.next (<anonymous>)\n    at /home/martin/NetBeansProjects/4.sem/fullstackJavascript/fullStackJavaScript4sem_exercises/week10+11/express-exercises-day1/build/routes/userApi.js:8:71\n    at new Promise (<anonymous>)\n    at __awaiter (/home/martin/NetBeansProjects/4.sem/fullstackJavascript/fullStackJavaScript4sem_exercises/week10+11/express-exercises-day1/build/routes/userApi.js:4:12)\n    at /home/martin/NetBeansProjects/4.sem/fullstackJavascript/fullStackJavaScript4sem_exercises/week10+11/express-exercises-day1/build/routes/userApi.js:69:12\n    at Layer.handle [as handle_request] (/home/martin/NetBeansProjects/4.sem/fullstackJavascript/fullStackJavaScript4sem_exercises/week10+11/express-exercises-day1/node_modules/express/lib/router/layer.js:95:5)\n    at next (/home/martin/NetBeansProjects/4.sem/fullstackJavascript/fullStackJavaScript4sem_exercises/week10+11/express-exercises-day1/node_modules/express/lib/router/route.js:137:13)\n    at Route.dispatch (/home/martin/NetBeansProjects/4.sem/fullstackJavascript/fullStackJavaScript4sem_exercises/week10+11/express-exercises-day1/node_modules/express/lib/router/route.js:112:3)\n    at Layer.handle [as handle_request] (/home/martin/NetBeansProjects/4.sem/fullstackJavascript/fullStackJavaScript4sem_exercises/week10+11/express-exercises-day1/node_modules/express/lib/router/layer.js:95:5)","timestamp":"2020-03-11 10:05:38"}
{"service":"startCode service","errorCode":401,"name":"ApiError","level":"error","message":"Important error: Not Authorized","stack":"ApiError: Not Authorized\n    at /home/martin/NetBeansProjects/4.sem/fullstackJavascript/fullStackJavaScript4sem_exercises/week10+11/express-exercises-day1/build/routes/userApi.js:73:23\n    at Generator.next (<anonymous>)\n    at /home/martin/NetBeansProjects/4.sem/fullstackJavascript/fullStackJavaScript4sem_exercises/week10+11/express-exercises-day1/build/routes/userApi.js:8:71\n    at new Promise (<anonymous>)\n    at __awaiter (/home/martin/NetBeansProjects/4.sem/fullstackJavascript/fullStackJavaScript4sem_exercises/week10+11/express-exercises-day1/build/routes/userApi.js:4:12)\n    at /home/martin/NetBeansProjects/4.sem/fullstackJavascript/fullStackJavaScript4sem_exercises/week10+11/express-exercises-day1/build/routes/userApi.js:69:12\n    at Layer.handle [as handle_request] (/home/martin/NetBeansProjects/4.sem/fullstackJavascript/fullStackJavaScript4sem_exercises/week10+11/express-exercises-day1/node_modules/express/lib/router/layer.js:95:5)\n    at next (/home/martin/NetBeansProjects/4.sem/fullstackJavascript/fullStackJavaScript4sem_exercises/week10+11/express-exercises-day1/node_modules/express/lib/router/route.js:137:13)\n    at Route.dispatch (/home/martin/NetBeansProjects/4.sem/fullstackJavascript/fullStackJavaScript4sem_exercises/week10+11/express-exercises-day1/node_modules/express/lib/router/route.js:112:3)\n    at Layer.handle [as handle_request] (/home/martin/NetBeansProjects/4.sem/fullstackJavascript/fullStackJavaScript4sem_exercises/week10+11/express-exercises-day1/node_modules/express/lib/router/layer.js:95:5)","timestamp":"2020-03-11 10:05:48"}
{"service":"startCode service","errorCode":500,"name":"ApiError","level":"error","message":"Important error: This API does not contain this endpoint","stack":"ApiError: This API does not contain this endpoint\n    at /home/martin/NetBeansProjects/4.sem/fullstackJavascript/fullStackJavaScript4sem_exercises/week10+11/express-exercises-day1/build/app.js:49:15\n    at Layer.handle [as handle_request] (/home/martin/NetBeansProjects/4.sem/fullstackJavascript/fullStackJavaScript4sem_exercises/week10+11/express-exercises-day1/node_modules/express/lib/router/layer.js:95:5)\n    at trim_prefix (/home/martin/NetBeansProjects/4.sem/fullstackJavascript/fullStackJavaScript4sem_exercises/week10+11/express-exercises-day1/node_modules/express/lib/router/index.js:317:13)\n    at /home/martin/NetBeansProjects/4.sem/fullstackJavascript/fullStackJavaScript4sem_exercises/week10+11/express-exercises-day1/node_modules/express/lib/router/index.js:284:7\n    at Function.process_params (/home/martin/NetBeansProjects/4.sem/fullstackJavascript/fullStackJavaScript4sem_exercises/week10+11/express-exercises-day1/node_modules/express/lib/router/index.js:335:12)\n    at next (/home/martin/NetBeansProjects/4.sem/fullstackJavascript/fullStackJavaScript4sem_exercises/week10+11/express-exercises-day1/node_modules/express/lib/router/index.js:275:10)\n    at /home/martin/NetBeansProjects/4.sem/fullstackJavascript/fullStackJavaScript4sem_exercises/week10+11/express-exercises-day1/node_modules/express-winston/index.js:428:9\n    at Layer.handle [as handle_request] (/home/martin/NetBeansProjects/4.sem/fullstackJavascript/fullStackJavaScript4sem_exercises/week10+11/express-exercises-day1/node_modules/express/lib/router/layer.js:95:5)\n    at trim_prefix (/home/martin/NetBeansProjects/4.sem/fullstackJavascript/fullStackJavaScript4sem_exercises/week10+11/express-exercises-day1/node_modules/express/lib/router/index.js:317:13)\n    at /home/martin/NetBeansProjects/4.sem/fullstackJavascript/fullStackJavaScript4sem_exercises/week10+11/express-exercises-day1/node_modules/express/lib/router/index.js:284:7","timestamp":"2020-03-11 10:07:52"}
{"level":"info","message":"Hello distributed log files!","service":"startCode service","timestamp":"2020-03-11 10:32:56"}
{"level":"info","message":"Hello distributed log files!","service":"startCode service","timestamp":"2020-03-11 10:35:21"}
{"level":"info","message":"Hello distributed log files!","service":"startCode service","timestamp":"2020-03-11 10:35:37"}
{"message":"Hello again distributed logs","level":"info","service":"startCode service","timestamp":"2020-03-11 10:35:37"}
{"level":"info","message":"Hello distributed log files!","service":"startCode service","timestamp":"2020-03-11 11:04:57"}
{"message":"Hello again distributed logs","level":"info","service":"startCode service","timestamp":"2020-03-11 11:04:57"}
{"level":"info","message":"Hello distributed log files!","service":"startCode service","timestamp":"2020-03-11 11:06:59"}
{"level":"info","message":"Hello distributed log files!","service":"startCode service","timestamp":"2020-03-11 11:08:32"}
{"message":"Hello again distributed logs","level":"info","service":"startCode service","timestamp":"2020-03-11 11:08:33"}
{"level":"info","message":"Hello distributed log files!","service":"startCode service","timestamp":"2020-03-11 11:14:21"}
{"message":"Hello again distributed logs","level":"info","service":"startCode service","timestamp":"2020-03-11 11:14:21"}
{"level":"info","message":"Hello distributed log files!","service":"startCode service","timestamp":"2020-03-11 11:22:31"}
{"level":"info","message":"Hello distributed log files!","service":"startCode service","timestamp":"2020-03-11 11:25:03"}
{"message":"Hello again distributed logs","level":"info","service":"startCode service","timestamp":"2020-03-11 11:25:03"}
{"level":"info","message":"Hello distributed log files!","service":"startCode service","timestamp":"2020-03-11 11:25:44"}
{"message":"Hello again distributed logs","level":"info","service":"startCode service","timestamp":"2020-03-11 11:25:44"}
{"level":"info","message":"Hello distributed log files!","service":"startCode service","timestamp":"2020-03-11 11:27:02"}
{"message":"Hello again distributed logs","level":"info","service":"startCode service","timestamp":"2020-03-11 11:27:03"}
{"level":"info","message":"Hello distributed log files!","service":"startCode service","timestamp":"2020-03-11 11:27:24"}
{"message":"Hello again distributed logs","level":"info","service":"startCode service","timestamp":"2020-03-11 11:27:25"}
{"level":"info","message":"Hello distributed log files!","service":"startCode service","timestamp":"2020-03-11 11:27:45"}
{"message":"Hello again distributed logs","level":"info","service":"startCode service","timestamp":"2020-03-11 11:27:46"}
{"level":"info","message":"Hello distributed log files!","service":"startCode service","timestamp":"2020-03-15 10:48:33"}
{"message":"Hello again distributed logs","level":"info","service":"startCode service","timestamp":"2020-03-15 10:48:33"}
{"level":"info","message":"Hello distributed log files!","service":"startCode service","timestamp":"2020-03-15 11:27:55"}
{"message":"Hello again distributed logs","level":"info","service":"startCode service","timestamp":"2020-03-15 11:27:56"}
{"level":"info","message":"Hello distributed log files!","service":"startCode service","timestamp":"2020-03-15 11:30:28"}
{"message":"Hello again distributed logs","level":"info","service":"startCode service","timestamp":"2020-03-15 11:30:29"}
{"level":"info","message":"Hello distributed log files!","service":"startCode service","timestamp":"2020-03-15 11:31:31"}
{"message":"Hello again distributed logs","level":"info","service":"startCode service","timestamp":"2020-03-15 11:31:31"}
{"level":"info","message":"Hello distributed log files!","service":"startCode service","timestamp":"2020-03-15 11:32:02"}
{"message":"Hello again distributed logs","level":"info","service":"startCode service","timestamp":"2020-03-15 11:32:02"}
{"level":"info","message":"Hello distributed log files!","service":"startCode service","timestamp":"2020-03-15 11:32:43"}
{"message":"Hello again distributed logs","level":"info","service":"startCode service","timestamp":"2020-03-15 11:32:43"}
{"level":"info","message":"Hello distributed log files!","service":"startCode service","timestamp":"2020-03-15 11:32:59"}
{"message":"Hello again distributed logs","level":"info","service":"startCode service","timestamp":"2020-03-15 11:32:59"}
{"level":"info","message":"Hello distributed log files!","service":"startCode service","timestamp":"2020-03-15 11:44:30"}
{"message":"Hello again distributed logs","level":"info","service":"startCode service","timestamp":"2020-03-15 11:44:30"}
{"level":"info","message":"Hello distributed log files!","service":"startCode service","timestamp":"2020-03-15 11:45:23"}
{"message":"Hello again distributed logs","level":"info","service":"startCode service","timestamp":"2020-03-15 11:45:23"}
{"level":"info","message":"Hello distributed log files!","service":"startCode service","timestamp":"2020-03-15 11:45:40"}
{"message":"Hello again distributed logs","level":"info","service":"startCode service","timestamp":"2020-03-15 11:45:40"}
{"level":"info","message":"Hello distributed log files!","service":"startCode service","timestamp":"2020-03-15 11:46:55"}
{"message":"Hello again distributed logs","level":"info","service":"startCode service","timestamp":"2020-03-15 11:46:55"}
{"level":"info","message":"Hello distributed log files!","service":"startCode service","timestamp":"2020-03-15 11:47:07"}
{"message":"Hello again distributed logs","level":"info","service":"startCode service","timestamp":"2020-03-15 11:47:07"}
{"level":"info","message":"Hello distributed log files!","service":"startCode service","timestamp":"2020-03-15 11:50:08"}
{"message":"Hello again distributed logs","level":"info","service":"startCode service","timestamp":"2020-03-15 11:50:08"}
{"level":"info","message":"Hello distributed log files!","service":"startCode service","timestamp":"2020-03-15 11:50:42"}
{"message":"Hello again distributed logs","level":"info","service":"startCode service","timestamp":"2020-03-15 11:50:42"}
{"level":"info","message":"Hello distributed log files!","service":"startCode service","timestamp":"2020-03-15 11:51:50"}
{"message":"Hello again distributed logs","level":"info","service":"startCode service","timestamp":"2020-03-15 11:51:50"}
{"level":"info","message":"Hello distributed log files!","service":"startCode service","timestamp":"2020-03-15 11:52:39"}
{"message":"Hello again distributed logs","level":"info","service":"startCode service","timestamp":"2020-03-15 11:52:39"}
{"level":"info","message":"Hello distributed log files!","service":"startCode service","timestamp":"2020-03-15 11:56:16"}
{"message":"Hello again distributed logs","level":"info","service":"startCode service","timestamp":"2020-03-15 11:56:17"}
{"level":"info","message":"Hello distributed log files!","service":"startCode service","timestamp":"2020-03-15 11:57:31"}
{"message":"Hello again distributed logs","level":"info","service":"startCode service","timestamp":"2020-03-15 11:57:31"}
{"level":"info","message":"Hello distributed log files!","service":"startCode service","timestamp":"2020-03-15 11:58:27"}
{"message":"Hello again distributed logs","level":"info","service":"startCode service","timestamp":"2020-03-15 11:58:28"}
{"level":"info","message":"Hello distributed log files!","service":"startCode service","timestamp":"2020-03-15 12:04:33"}
{"message":"Hello again distributed logs","level":"info","service":"startCode service","timestamp":"2020-03-15 12:04:33"}
{"level":"info","message":"Hello distributed log files!","service":"startCode service","timestamp":"2020-03-15 12:10:15"}
{"message":"Hello again distributed logs","level":"info","service":"startCode service","timestamp":"2020-03-15 12:10:15"}
{"level":"info","message":"Hello distributed log files!","service":"startCode service","timestamp":"2020-03-15 12:11:51"}
{"message":"Hello again distributed logs","level":"info","service":"startCode service","timestamp":"2020-03-15 12:11:51"}
{"level":"info","message":"Hello distributed log files!","service":"startCode service","timestamp":"2020-03-15 12:12:15"}
{"message":"Hello again distributed logs","level":"info","service":"startCode service","timestamp":"2020-03-15 12:12:15"}
{"level":"info","message":"Hello distributed log files!","service":"startCode service","timestamp":"2020-03-15 12:13:16"}
{"message":"Hello again distributed logs","level":"info","service":"startCode service","timestamp":"2020-03-15 12:13:17"}
{"level":"info","message":"Hello distributed log files!","service":"startCode service","timestamp":"2020-03-15 12:19:06"}
{"message":"Hello again distributed logs","level":"info","service":"startCode service","timestamp":"2020-03-15 12:19:06"}
{"level":"info","message":"Hello distributed log files!","service":"startCode service","timestamp":"2020-03-15 12:23:42"}
{"message":"Hello again distributed logs","level":"info","service":"startCode service","timestamp":"2020-03-15 12:23:43"}
{"level":"info","message":"Hello distributed log files!","service":"startCode service","timestamp":"2020-03-15 12:25:20"}
{"message":"Hello again distributed logs","level":"info","service":"startCode service","timestamp":"2020-03-15 12:25:20"}
{"level":"info","message":"Hello distributed log files!","service":"startCode service","timestamp":"2020-03-15 12:28:33"}
{"message":"Hello again distributed logs","level":"info","service":"startCode service","timestamp":"2020-03-15 12:28:33"}
{"level":"info","message":"Hello distributed log files!","service":"startCode service","timestamp":"2020-03-15 12:29:45"}
{"message":"Hello again distributed logs","level":"info","service":"startCode service","timestamp":"2020-03-15 12:29:45"}
{"level":"info","message":"Hello distributed log files!","service":"startCode service","timestamp":"2020-03-15 12:31:08"}
{"message":"Hello again distributed logs","level":"info","service":"startCode service","timestamp":"2020-03-15 12:31:08"}
{"level":"info","message":"Hello distributed log files!","service":"startCode service","timestamp":"2020-03-15 12:31:22"}
{"message":"Hello again distributed logs","level":"info","service":"startCode service","timestamp":"2020-03-15 12:31:22"}
{"level":"info","message":"Hello distributed log files!","service":"startCode service","timestamp":"2020-03-15 12:38:58"}
{"message":"Hello again distributed logs","level":"info","service":"startCode service","timestamp":"2020-03-15 12:38:58"}
{"level":"info","message":"Hello distributed log files!","service":"startCode service","timestamp":"2020-03-15 12:39:23"}
{"message":"Hello again distributed logs","level":"info","service":"startCode service","timestamp":"2020-03-15 12:39:28"}
{"level":"info","message":"Hello distributed log files!","service":"startCode service","timestamp":"2020-03-15 12:59:19"}
{"message":"Hello again distributed logs","level":"info","service":"startCode service","timestamp":"2020-03-15 12:59:33"}
{"level":"info","message":"Hello distributed log files!","service":"startCode service","timestamp":"2020-03-15 13:02:25"}
{"service":"startCode service","errorCode":500,"name":"ApiError","level":"error","message":"Important error: This API does not contain this endpoint","stack":"ApiError: This API does not contain this endpoint\n    at /home/msi/Dokumenter/Arbejde/Projekter/4.sem/javaScript/fullStackJavaScript4sem_exercises/week10+11/express-exercises-day1/src/app.ts:54:11\n    at Layer.handle [as handle_request] (/home/msi/Dokumenter/Arbejde/Projekter/4.sem/javaScript/fullStackJavaScript4sem_exercises/week10+11/express-exercises-day1/node_modules/express/lib/router/layer.js:95:5)\n    at trim_prefix (/home/msi/Dokumenter/Arbejde/Projekter/4.sem/javaScript/fullStackJavaScript4sem_exercises/week10+11/express-exercises-day1/node_modules/express/lib/router/index.js:317:13)\n    at /home/msi/Dokumenter/Arbejde/Projekter/4.sem/javaScript/fullStackJavaScript4sem_exercises/week10+11/express-exercises-day1/node_modules/express/lib/router/index.js:284:7\n    at Function.process_params (/home/msi/Dokumenter/Arbejde/Projekter/4.sem/javaScript/fullStackJavaScript4sem_exercises/week10+11/express-exercises-day1/node_modules/express/lib/router/index.js:335:12)\n    at next (/home/msi/Dokumenter/Arbejde/Projekter/4.sem/javaScript/fullStackJavaScript4sem_exercises/week10+11/express-exercises-day1/node_modules/express/lib/router/index.js:275:10)\n    at /home/msi/Dokumenter/Arbejde/Projekter/4.sem/javaScript/fullStackJavaScript4sem_exercises/week10+11/express-exercises-day1/node_modules/express-winston/index.js:428:9\n    at Layer.handle [as handle_request] (/home/msi/Dokumenter/Arbejde/Projekter/4.sem/javaScript/fullStackJavaScript4sem_exercises/week10+11/express-exercises-day1/node_modules/express/lib/router/layer.js:95:5)\n    at trim_prefix (/home/msi/Dokumenter/Arbejde/Projekter/4.sem/javaScript/fullStackJavaScript4sem_exercises/week10+11/express-exercises-day1/node_modules/express/lib/router/index.js:317:13)\n    at /home/msi/Dokumenter/Arbejde/Projekter/4.sem/javaScript/fullStackJavaScript4sem_exercises/week10+11/express-exercises-day1/node_modules/express/lib/router/index.js:284:7","timestamp":"2020-03-15 13:03:30"}
{"service":"startCode service","errorCode":500,"name":"ApiError","level":"error","message":"Important error: This API does not contain this endpoint","stack":"ApiError: This API does not contain this endpoint\n    at /home/msi/Dokumenter/Arbejde/Projekter/4.sem/javaScript/fullStackJavaScript4sem_exercises/week10+11/express-exercises-day1/src/app.ts:54:11\n    at Layer.handle [as handle_request] (/home/msi/Dokumenter/Arbejde/Projekter/4.sem/javaScript/fullStackJavaScript4sem_exercises/week10+11/express-exercises-day1/node_modules/express/lib/router/layer.js:95:5)\n    at trim_prefix (/home/msi/Dokumenter/Arbejde/Projekter/4.sem/javaScript/fullStackJavaScript4sem_exercises/week10+11/express-exercises-day1/node_modules/express/lib/router/index.js:317:13)\n    at /home/msi/Dokumenter/Arbejde/Projekter/4.sem/javaScript/fullStackJavaScript4sem_exercises/week10+11/express-exercises-day1/node_modules/express/lib/router/index.js:284:7\n    at Function.process_params (/home/msi/Dokumenter/Arbejde/Projekter/4.sem/javaScript/fullStackJavaScript4sem_exercises/week10+11/express-exercises-day1/node_modules/express/lib/router/index.js:335:12)\n    at next (/home/msi/Dokumenter/Arbejde/Projekter/4.sem/javaScript/fullStackJavaScript4sem_exercises/week10+11/express-exercises-day1/node_modules/express/lib/router/index.js:275:10)\n    at /home/msi/Dokumenter/Arbejde/Projekter/4.sem/javaScript/fullStackJavaScript4sem_exercises/week10+11/express-exercises-day1/node_modules/express-winston/index.js:428:9\n    at Layer.handle [as handle_request] (/home/msi/Dokumenter/Arbejde/Projekter/4.sem/javaScript/fullStackJavaScript4sem_exercises/week10+11/express-exercises-day1/node_modules/express/lib/router/layer.js:95:5)\n    at trim_prefix (/home/msi/Dokumenter/Arbejde/Projekter/4.sem/javaScript/fullStackJavaScript4sem_exercises/week10+11/express-exercises-day1/node_modules/express/lib/router/index.js:317:13)\n    at /home/msi/Dokumenter/Arbejde/Projekter/4.sem/javaScript/fullStackJavaScript4sem_exercises/week10+11/express-exercises-day1/node_modules/express/lib/router/index.js:284:7","timestamp":"2020-03-15 13:03:42"}
{"service":"startCode service","errorCode":404,"name":"ApiError","level":"error","message":"Important error: User Not Found","stack":"ApiError: User Not Found\n    at Timeout._onTimeout (/home/msi/Dokumenter/Arbejde/Projekter/4.sem/javaScript/fullStackJavaScript4sem_exercises/week10+11/express-exercises-day1/src/facades/user.ts:9:32)\n    at listOnTimeout (internal/timers.js:531:17)\n    at processTimers (internal/timers.js:475:7)","timestamp":"2020-03-15 13:05:35"}
{"level":"info","message":"Hello distributed log files!","service":"startCode service","timestamp":"2020-03-15 13:07:10"}
{"message":"Hello again distributed logs","level":"info","service":"startCode service","timestamp":"2020-03-15 13:07:10"}
{"level":"info","message":"Hello distributed log files!","service":"startCode service","timestamp":"2020-03-15 13:08:56"}
{"message":"Hello again distributed logs","level":"info","service":"startCode service","timestamp":"2020-03-15 13:08:56"}
{"service":"startCode service","errorCode":404,"name":"ApiError","level":"error","message":"Important error: User Not Found","stack":"ApiError: User Not Found\n    at Timeout._onTimeout (/home/msi/Dokumenter/Arbejde/Projekter/4.sem/javaScript/fullStackJavaScript4sem_exercises/week10+11/express-exercises-day1/src/facades/user.ts:9:32)\n    at listOnTimeout (internal/timers.js:531:17)\n    at processTimers (internal/timers.js:475:7)","timestamp":"2020-03-15 13:08:56"}
{"level":"info","message":"Hello distributed log files!","service":"startCode service","timestamp":"2020-03-15 13:09:44"}
{"message":"Hello again distributed logs","level":"info","service":"startCode service","timestamp":"2020-03-15 13:09:44"}
{"service":"startCode service","errorCode":404,"name":"ApiError","level":"error","message":"Important error: User Not Found","stack":"ApiError: User Not Found\n    at Timeout._onTimeout (/home/msi/Dokumenter/Arbejde/Projekter/4.sem/javaScript/fullStackJavaScript4sem_exercises/week10+11/express-exercises-day1/src/facades/user.ts:9:32)\n    at listOnTimeout (internal/timers.js:531:17)\n    at processTimers (internal/timers.js:475:7)","timestamp":"2020-03-15 13:09:44"}
